c:\users\tomek\desktop\projekt_pk3\projekt_pk3\debug\vc141.pdb
c:\users\tomek\desktop\projekt_pk3\projekt_pk3\debug\vc141.idb
c:\users\tomek\desktop\projekt_pk3\projekt_pk3\debug\metody_plansza.obj
c:\users\tomek\desktop\projekt_pk3\projekt_pk3\debug\main.obj
c:\users\tomek\desktop\projekt_pk3\projekt_pk3\debug\metody_element_planszy.obj
c:\users\tomek\desktop\projekt_pk3\projekt_pk3\debug\metody_poczatek_planszy.obj
c:\users\tomek\desktop\projekt_pk3\projekt_pk3\debug\metody_wypelnij.obj
c:\users\tomek\desktop\projekt_pk3\projekt_pk3\debug\metody_dane_planszy.obj
c:\users\tomek\desktop\projekt_pk3\projekt_pk3\debug\metody_wspolrzedne.obj
c:\users\tomek\desktop\projekt_pk3\projekt_pk3\debug\metody_wyswietl.obj
c:\users\tomek\desktop\projekt_pk3\projekt_pk3\debug\metody_sasiedzi.obj
c:\users\tomek\desktop\projekt_pk3\projekt_pk3\debug\metody_element_listy_sasiadow.obj
c:\users\tomek\desktop\projekt_pk3\projekt_pk3\debug\metody_komorka.obj
c:\users\tomek\desktop\projekt_pk3\projekt_pk3\debug\operatory.obj
c:\users\tomek\desktop\projekt_pk3\projekt_pk3\debug\metody_menue.obj
c:\users\tomek\desktop\projekt_pk3\projekt_pk3\debug\komunkiaty_bledu.obj
c:\users\tomek\desktop\projekt_pk3\debug\projekt_pk3.exe
c:\users\tomek\desktop\projekt_pk3\debug\projekt_pk3.ilk
c:\users\tomek\desktop\projekt_pk3\debug\projekt_pk3.pdb
c:\users\tomek\desktop\projekt_pk3\projekt_pk3\debug\metody_dane_planszy.obj.enc
c:\users\tomek\desktop\projekt_pk3\projekt_pk3\debug\metody_komorka.obj.enc
c:\users\tomek\desktop\projekt_pk3\projekt_pk3\debug\metody_menue.obj.enc
c:\users\tomek\desktop\projekt_pk3\projekt_pk3\debug\metody_plansza.obj.enc
c:\users\tomek\desktop\projekt_pk3\projekt_pk3\debug\metody_sasiedzi.obj.enc
c:\users\tomek\desktop\projekt_pk3\projekt_pk3\debug\metody_wspolrzedne.obj.enc
c:\users\tomek\desktop\projekt_pk3\projekt_pk3\debug\metody_wypelnij.obj.enc
c:\users\tomek\desktop\projekt_pk3\projekt_pk3\debug\metody_wyswietl.obj.enc
c:\users\tomek\desktop\projekt_pk3\projekt_pk3\debug\projekt_pk3.tlog\cl.command.1.tlog
c:\users\tomek\desktop\projekt_pk3\projekt_pk3\debug\projekt_pk3.tlog\cl.read.1.tlog
c:\users\tomek\desktop\projekt_pk3\projekt_pk3\debug\projekt_pk3.tlog\cl.write.1.tlog
c:\users\tomek\desktop\projekt_pk3\projekt_pk3\debug\projekt_pk3.tlog\link.command.1.tlog
c:\users\tomek\desktop\projekt_pk3\projekt_pk3\debug\projekt_pk3.tlog\link.read.1.tlog
c:\users\tomek\desktop\projekt_pk3\projekt_pk3\debug\projekt_pk3.tlog\link.write.1.tlog
